Build started 2016/9/30 16:39:16.
     1>Project "H:\Documents\GitHub\hello_Cuda\cuda_helloworld\cuda_helloworld\cuda_helloworld.vcxproj" on node 2 (Build target(s)).
     1>AddCudaCompileDeps:
         D:\Program Files (x86)\Microsoft Visual Studio 12.0\VC\bin\cl.exe /E /nologo /showIncludes /TP /D__CUDACC__ /DWIN32 /D_DEBUG /D_CONSOLE /D_MBCS /I"C:\Program Files\NVIDIA GPU Computing Toolkit\CUDA\v7.5\include" /I"C:\Program Files\NVIDIA GPU Computing Toolkit\CUDA\v7.5\bin" /I"C:\Program Files\NVIDIA GPU Computing Toolkit\CUDA\v7.5\include" /I. /FIcuda_runtime.h /c H:\Documents\GitHub\hello_Cuda\cuda_helloworld\cuda_helloworld\kernel.cu 
       CudaBuild:
         Compiling CUDA source file kernel.cu...
         cmd.exe /C "C:\Users\JK\AppData\Local\Temp\tmp4b71443c83b149fd8401cac03f9e42ec.cmd"
         "C:\Program Files\NVIDIA GPU Computing Toolkit\CUDA\v7.5\bin\nvcc.exe" -gencode=arch=compute_20,code=\"sm_20,compute_20\" --use-local-env --cl-version 2013 -ccbin "D:\Program Files (x86)\Microsoft Visual Studio 12.0\VC\bin"  -I"C:\Program Files\NVIDIA GPU Computing Toolkit\CUDA\v7.5\include" -I"C:\Program Files\NVIDIA GPU Computing Toolkit\CUDA\v7.5\include"  -G   --keep-dir Debug -maxrregcount=0  --machine 32 --compile -cudart static  -g   -DWIN32 -D_DEBUG -D_CONSOLE -D_MBCS -Xcompiler "/EHsc /W3 /nologo /Od /Zi /RTC1 /MDd " -o Debug\kernel.cu.obj "H:\Documents\GitHub\hello_Cuda\cuda_helloworld\cuda_helloworld\kernel.cu"
         
         H:\Documents\GitHub\hello_Cuda\cuda_helloworld\cuda_helloworld>"C:\Program Files\NVIDIA GPU Computing Toolkit\CUDA\v7.5\bin\nvcc.exe" -gencode=arch=compute_20,code=\"sm_20,compute_20\" --use-local-env --cl-version 2013 -ccbin "D:\Program Files (x86)\Microsoft Visual Studio 12.0\VC\bin"  -I"C:\Program Files\NVIDIA GPU Computing Toolkit\CUDA\v7.5\include" -I"C:\Program Files\NVIDIA GPU Computing Toolkit\CUDA\v7.5\include"  -G   --keep-dir Debug -maxrregcount=0  --machine 32 --compile -cudart static  -g   -DWIN32 -D_DEBUG -D_CONSOLE -D_MBCS -Xcompiler "/EHsc /W3 /nologo /Od /Zi /RTC1 /MDd " -o Debug\kernel.cu.obj "H:\Documents\GitHub\hello_Cuda\cuda_helloworld\cuda_helloworld\kernel.cu" 
     1>c:\program files\nvidia gpu computing toolkit\cuda\v7.5\include\math_functions.h : warning C4819: The file contains a character that cannot be represented in the current code page (936). Save the file in Unicode format to prevent data loss
     1>c:\program files\nvidia gpu computing toolkit\cuda\v7.5\include\math_functions.h(859): warning C4819: The file contains a character that cannot be represented in the current code page (936). Save the file in Unicode format to prevent data loss
     1>c:\program files\nvidia gpu computing toolkit\cuda\v7.5\include\math_functions.h(1807): warning C4819: The file contains a character that cannot be represented in the current code page (936). Save the file in Unicode format to prevent data loss
     1>c:\program files\nvidia gpu computing toolkit\cuda\v7.5\include\math_functions.h(2657): warning C4819: The file contains a character that cannot be represented in the current code page (936). Save the file in Unicode format to prevent data loss
     1>c:\program files\nvidia gpu computing toolkit\cuda\v7.5\include\math_functions.h(3541): warning C4819: The file contains a character that cannot be represented in the current code page (936). Save the file in Unicode format to prevent data loss
     1>c:\program files\nvidia gpu computing toolkit\cuda\v7.5\include\math_functions.h(4492): warning C4819: The file contains a character that cannot be represented in the current code page (936). Save the file in Unicode format to prevent data loss
     1>c:\program files\nvidia gpu computing toolkit\cuda\v7.5\include\math_functions.h(5412): warning C4819: The file contains a character that cannot be represented in the current code page (936). Save the file in Unicode format to prevent data loss
     1>c:\program files\nvidia gpu computing toolkit\cuda\v7.5\include\math_functions.h(6320): warning C4819: The file contains a character that cannot be represented in the current code page (936). Save the file in Unicode format to prevent data loss
     1>c:\program files\nvidia gpu computing toolkit\cuda\v7.5\include\math_functions.h(7195): warning C4819: The file contains a character that cannot be represented in the current code page (936). Save the file in Unicode format to prevent data loss
     1>c:\program files\nvidia gpu computing toolkit\cuda\v7.5\include\math_functions.h(8066): warning C4819: The file contains a character that cannot be represented in the current code page (936). Save the file in Unicode format to prevent data loss
     1>c:\program files\nvidia gpu computing toolkit\cuda\v7.5\include\device_functions.h : warning C4819: The file contains a character that cannot be represented in the current code page (936). Save the file in Unicode format to prevent data loss
     1>c:\program files\nvidia gpu computing toolkit\cuda\v7.5\include\device_functions.h(775): warning C4819: The file contains a character that cannot be represented in the current code page (936). Save the file in Unicode format to prevent data loss
     1>c:\program files\nvidia gpu computing toolkit\cuda\v7.5\include\device_functions.h(1621): warning C4819: The file contains a character that cannot be represented in the current code page (936). Save the file in Unicode format to prevent data loss
     1>c:\program files\nvidia gpu computing toolkit\cuda\v7.5\include\device_double_functions.h : warning C4819: The file contains a character that cannot be represented in the current code page (936). Save the file in Unicode format to prevent data loss
     1>c:\program files\nvidia gpu computing toolkit\cuda\v7.5\include\sm_20_intrinsics.h : warning C4819: The file contains a character that cannot be represented in the current code page (936). Save the file in Unicode format to prevent data loss
     1>c:\program files\nvidia gpu computing toolkit\cuda\v7.5\include\sm_20_intrinsics.h(943): warning C4819: The file contains a character that cannot be represented in the current code page (936). Save the file in Unicode format to prevent data loss
     1>c:\program files\nvidia gpu computing toolkit\cuda\v7.5\include\math_functions.h : warning C4819: The file contains a character that cannot be represented in the current code page (936). Save the file in Unicode format to prevent data loss
     1>c:\program files\nvidia gpu computing toolkit\cuda\v7.5\include\math_functions.h(859): warning C4819: The file contains a character that cannot be represented in the current code page (936). Save the file in Unicode format to prevent data loss
     1>c:\program files\nvidia gpu computing toolkit\cuda\v7.5\include\math_functions.h(1807): warning C4819: The file contains a character that cannot be represented in the current code page (936). Save the file in Unicode format to prevent data loss
     1>c:\program files\nvidia gpu computing toolkit\cuda\v7.5\include\math_functions.h(2657): warning C4819: The file contains a character that cannot be represented in the current code page (936). Save the file in Unicode format to prevent data loss
     1>c:\program files\nvidia gpu computing toolkit\cuda\v7.5\include\math_functions.h(3541): warning C4819: The file contains a character that cannot be represented in the current code page (936). Save the file in Unicode format to prevent data loss
     1>c:\program files\nvidia gpu computing toolkit\cuda\v7.5\include\math_functions.h(4492): warning C4819: The file contains a character that cannot be represented in the current code page (936). Save the file in Unicode format to prevent data loss
     1>c:\program files\nvidia gpu computing toolkit\cuda\v7.5\include\math_functions.h(5412): warning C4819: The file contains a character that cannot be represented in the current code page (936). Save the file in Unicode format to prevent data loss
     1>c:\program files\nvidia gpu computing toolkit\cuda\v7.5\include\math_functions.h(6320): warning C4819: The file contains a character that cannot be represented in the current code page (936). Save the file in Unicode format to prevent data loss
     1>c:\program files\nvidia gpu computing toolkit\cuda\v7.5\include\math_functions.h(7195): warning C4819: The file contains a character that cannot be represented in the current code page (936). Save the file in Unicode format to prevent data loss
     1>c:\program files\nvidia gpu computing toolkit\cuda\v7.5\include\math_functions.h(8066): warning C4819: The file contains a character that cannot be represented in the current code page (936). Save the file in Unicode format to prevent data loss
     1>c:\program files\nvidia gpu computing toolkit\cuda\v7.5\include\math_functions.h : warning C4819: The file contains a character that cannot be represented in the current code page (936). Save the file in Unicode format to prevent data loss
     1>c:\program files\nvidia gpu computing toolkit\cuda\v7.5\include\math_functions.h(859): warning C4819: The file contains a character that cannot be represented in the current code page (936). Save the file in Unicode format to prevent data loss
     1>c:\program files\nvidia gpu computing toolkit\cuda\v7.5\include\math_functions.h(1807): warning C4819: The file contains a character that cannot be represented in the current code page (936). Save the file in Unicode format to prevent data loss
     1>c:\program files\nvidia gpu computing toolkit\cuda\v7.5\include\math_functions.h(2657): warning C4819: The file contains a character that cannot be represented in the current code page (936). Save the file in Unicode format to prevent data loss
     1>c:\program files\nvidia gpu computing toolkit\cuda\v7.5\include\math_functions.h(3541): warning C4819: The file contains a character that cannot be represented in the current code page (936). Save the file in Unicode format to prevent data loss
     1>c:\program files\nvidia gpu computing toolkit\cuda\v7.5\include\math_functions.h(4492): warning C4819: The file contains a character that cannot be represented in the current code page (936). Save the file in Unicode format to prevent data loss
     1>c:\program files\nvidia gpu computing toolkit\cuda\v7.5\include\math_functions.h(5412): warning C4819: The file contains a character that cannot be represented in the current code page (936). Save the file in Unicode format to prevent data loss
     1>c:\program files\nvidia gpu computing toolkit\cuda\v7.5\include\math_functions.h(6320): warning C4819: The file contains a character that cannot be represented in the current code page (936). Save the file in Unicode format to prevent data loss
     1>c:\program files\nvidia gpu computing toolkit\cuda\v7.5\include\math_functions.h(7195): warning C4819: The file contains a character that cannot be represented in the current code page (936). Save the file in Unicode format to prevent data loss
     1>c:\program files\nvidia gpu computing toolkit\cuda\v7.5\include\math_functions.h(8066): warning C4819: The file contains a character that cannot be represented in the current code page (936). Save the file in Unicode format to prevent data loss
     1>c:\program files\nvidia gpu computing toolkit\cuda\v7.5\include\device_functions_decls.h : warning C4819: The file contains a character that cannot be represented in the current code page (936). Save the file in Unicode format to prevent data loss
     1>c:\program files\nvidia gpu computing toolkit\cuda\v7.5\include\device_functions_decls.h(910): warning C4819: The file contains a character that cannot be represented in the current code page (936). Save the file in Unicode format to prevent data loss
     1>c:\program files\nvidia gpu computing toolkit\cuda\v7.5\include\device_functions_decls.h(1903): warning C4819: The file contains a character that cannot be represented in the current code page (936). Save the file in Unicode format to prevent data loss
     1>c:\program files\nvidia gpu computing toolkit\cuda\v7.5\include\device_functions_decls.h(2843): warning C4819: The file contains a character that cannot be represented in the current code page (936). Save the file in Unicode format to prevent data loss
     1>c:\program files\nvidia gpu computing toolkit\cuda\v7.5\include\device_functions_decls.h(3779): warning C4819: The file contains a character that cannot be represented in the current code page (936). Save the file in Unicode format to prevent data loss
     1>c:\program files\nvidia gpu computing toolkit\cuda\v7.5\include\device_functions_decls.h(4721): warning C4819: The file contains a character that cannot be represented in the current code page (936). Save the file in Unicode format to prevent data loss
     1>c:\program files\nvidia gpu computing toolkit\cuda\v7.5\include\device_functions_decls.h(5723): warning C4819: The file contains a character that cannot be represented in the current code page (936). Save the file in Unicode format to prevent data loss
     1>c:\program files\nvidia gpu computing toolkit\cuda\v7.5\include\device_functions_decls.h(6682): warning C4819: The file contains a character that cannot be represented in the current code page (936). Save the file in Unicode format to prevent data loss
     1>c:\program files\nvidia gpu computing toolkit\cuda\v7.5\include\device_functions_decls.h(7610): warning C4819: The file contains a character that cannot be represented in the current code page (936). Save the file in Unicode format to prevent data loss
     1>c:\program files\nvidia gpu computing toolkit\cuda\v7.5\include\device_functions_decls.h(8543): warning C4819: The file contains a character that cannot be represented in the current code page (936). Save the file in Unicode format to prevent data loss
     1>c:\program files\nvidia gpu computing toolkit\cuda\v7.5\include\device_functions_decls.h(9413): warning C4819: The file contains a character that cannot be represented in the current code page (936). Save the file in Unicode format to prevent data loss
     1>c:\program files\nvidia gpu computing toolkit\cuda\v7.5\include\device_functions_decls.h(10391): warning C4819: The file contains a character that cannot be represented in the current code page (936). Save the file in Unicode format to prevent data loss
     1>c:\program files\nvidia gpu computing toolkit\cuda\v7.5\include\device_functions_decls.h(11435): warning C4819: The file contains a character that cannot be represented in the current code page (936). Save the file in Unicode format to prevent data loss
     1>c:\program files\nvidia gpu computing toolkit\cuda\v7.5\include\device_functions.h : warning C4819: The file contains a character that cannot be represented in the current code page (936). Save the file in Unicode format to prevent data loss
     1>c:\program files\nvidia gpu computing toolkit\cuda\v7.5\include\device_functions.h(775): warning C4819: The file contains a character that cannot be represented in the current code page (936). Save the file in Unicode format to prevent data loss
     1>c:\program files\nvidia gpu computing toolkit\cuda\v7.5\include\device_functions.h(1621): warning C4819: The file contains a character that cannot be represented in the current code page (936). Save the file in Unicode format to prevent data loss
     1>c:\program files\nvidia gpu computing toolkit\cuda\v7.5\include\device_double_functions.h : warning C4819: The file contains a character that cannot be represented in the current code page (936). Save the file in Unicode format to prevent data loss
     1>c:\program files\nvidia gpu computing toolkit\cuda\v7.5\include\sm_20_intrinsics.h : warning C4819: The file contains a character that cannot be represented in the current code page (936). Save the file in Unicode format to prevent data loss
     1>c:\program files\nvidia gpu computing toolkit\cuda\v7.5\include\sm_20_intrinsics.h(943): warning C4819: The file contains a character that cannot be represented in the current code page (936). Save the file in Unicode format to prevent data loss
     1>c:\program files\nvidia gpu computing toolkit\cuda\v7.5\include\math_functions.h : warning C4819: The file contains a character that cannot be represented in the current code page (936). Save the file in Unicode format to prevent data loss
     1>c:\program files\nvidia gpu computing toolkit\cuda\v7.5\include\math_functions.h(859): warning C4819: The file contains a character that cannot be represented in the current code page (936). Save the file in Unicode format to prevent data loss
     1>c:\program files\nvidia gpu computing toolkit\cuda\v7.5\include\math_functions.h(1807): warning C4819: The file contains a character that cannot be represented in the current code page (936). Save the file in Unicode format to prevent data loss
     1>c:\program files\nvidia gpu computing toolkit\cuda\v7.5\include\math_functions.h(2657): warning C4819: The file contains a character that cannot be represented in the current code page (936). Save the file in Unicode format to prevent data loss
     1>c:\program files\nvidia gpu computing toolkit\cuda\v7.5\include\math_functions.h(3541): warning C4819: The file contains a character that cannot be represented in the current code page (936). Save the file in Unicode format to prevent data loss
     1>c:\program files\nvidia gpu computing toolkit\cuda\v7.5\include\math_functions.h(4492): warning C4819: The file contains a character that cannot be represented in the current code page (936). Save the file in Unicode format to prevent data loss
     1>c:\program files\nvidia gpu computing toolkit\cuda\v7.5\include\math_functions.h(5412): warning C4819: The file contains a character that cannot be represented in the current code page (936). Save the file in Unicode format to prevent data loss
     1>c:\program files\nvidia gpu computing toolkit\cuda\v7.5\include\math_functions.h(6320): warning C4819: The file contains a character that cannot be represented in the current code page (936). Save the file in Unicode format to prevent data loss
     1>c:\program files\nvidia gpu computing toolkit\cuda\v7.5\include\math_functions.h(7195): warning C4819: The file contains a character that cannot be represented in the current code page (936). Save the file in Unicode format to prevent data loss
     1>c:\program files\nvidia gpu computing toolkit\cuda\v7.5\include\math_functions.h(8066): warning C4819: The file contains a character that cannot be represented in the current code page (936). Save the file in Unicode format to prevent data loss
     1>c:\program files\nvidia gpu computing toolkit\cuda\v7.5\include\device_functions.h : warning C4819: The file contains a character that cannot be represented in the current code page (936). Save the file in Unicode format to prevent data loss
     1>c:\program files\nvidia gpu computing toolkit\cuda\v7.5\include\device_functions.h(775): warning C4819: The file contains a character that cannot be represented in the current code page (936). Save the file in Unicode format to prevent data loss
     1>c:\program files\nvidia gpu computing toolkit\cuda\v7.5\include\device_functions.h(1621): warning C4819: The file contains a character that cannot be represented in the current code page (936). Save the file in Unicode format to prevent data loss
     1>c:\program files\nvidia gpu computing toolkit\cuda\v7.5\include\device_double_functions.h : warning C4819: The file contains a character that cannot be represented in the current code page (936). Save the file in Unicode format to prevent data loss
     1>c:\program files\nvidia gpu computing toolkit\cuda\v7.5\include\sm_20_intrinsics.h : warning C4819: The file contains a character that cannot be represented in the current code page (936). Save the file in Unicode format to prevent data loss
     1>c:\program files\nvidia gpu computing toolkit\cuda\v7.5\include\sm_20_intrinsics.h(943): warning C4819: The file contains a character that cannot be represented in the current code page (936). Save the file in Unicode format to prevent data loss
     1>c:\program files\nvidia gpu computing toolkit\cuda\v7.5\include\math_functions.h : warning C4819: The file contains a character that cannot be represented in the current code page (936). Save the file in Unicode format to prevent data loss
     1>c:\program files\nvidia gpu computing toolkit\cuda\v7.5\include\math_functions.h(859): warning C4819: The file contains a character that cannot be represented in the current code page (936). Save the file in Unicode format to prevent data loss
     1>c:\program files\nvidia gpu computing toolkit\cuda\v7.5\include\math_functions.h(1807): warning C4819: The file contains a character that cannot be represented in the current code page (936). Save the file in Unicode format to prevent data loss
     1>c:\program files\nvidia gpu computing toolkit\cuda\v7.5\include\math_functions.h(2657): warning C4819: The file contains a character that cannot be represented in the current code page (936). Save the file in Unicode format to prevent data loss
     1>c:\program files\nvidia gpu computing toolkit\cuda\v7.5\include\math_functions.h(3541): warning C4819: The file contains a character that cannot be represented in the current code page (936). Save the file in Unicode format to prevent data loss
     1>c:\program files\nvidia gpu computing toolkit\cuda\v7.5\include\math_functions.h(4492): warning C4819: The file contains a character that cannot be represented in the current code page (936). Save the file in Unicode format to prevent data loss
     1>c:\program files\nvidia gpu computing toolkit\cuda\v7.5\include\math_functions.h(5412): warning C4819: The file contains a character that cannot be represented in the current code page (936). Save the file in Unicode format to prevent data loss
     1>c:\program files\nvidia gpu computing toolkit\cuda\v7.5\include\math_functions.h(6320): warning C4819: The file contains a character that cannot be represented in the current code page (936). Save the file in Unicode format to prevent data loss
     1>c:\program files\nvidia gpu computing toolkit\cuda\v7.5\include\math_functions.h(7195): warning C4819: The file contains a character that cannot be represented in the current code page (936). Save the file in Unicode format to prevent data loss
     1>c:\program files\nvidia gpu computing toolkit\cuda\v7.5\include\math_functions.h(8066): warning C4819: The file contains a character that cannot be represented in the current code page (936). Save the file in Unicode format to prevent data loss
         kernel.cu
       Link:
         D:\Program Files (x86)\Microsoft Visual Studio 12.0\VC\bin\link.exe /ERRORREPORT:PROMPT /OUT:"H:\Documents\GitHub\hello_Cuda\cuda_helloworld\Debug\cuda_helloworld.exe" /INCREMENTAL /NOLOGO /LIBPATH:"C:\Program Files\NVIDIA GPU Computing Toolkit\CUDA\v7.5\lib\Win32" cudart.lib kernel32.lib user32.lib gdi32.lib winspool.lib comdlg32.lib advapi32.lib shell32.lib ole32.lib oleaut32.lib uuid.lib odbc32.lib odbccp32.lib kernel32.lib user32.lib gdi32.lib winspool.lib comdlg32.lib advapi32.lib shell32.lib ole32.lib oleaut32.lib uuid.lib odbc32.lib odbccp32.lib /MANIFEST /MANIFESTUAC:"level='asInvoker' uiAccess='false'" /manifest:embed /DEBUG /PDB:"H:\Documents\GitHub\hello_Cuda\cuda_helloworld\Debug\cuda_helloworld.pdb" /SUBSYSTEM:CONSOLE /TLBID:1 /DYNAMICBASE /NXCOMPAT /IMPLIB:"H:\Documents\GitHub\hello_Cuda\cuda_helloworld\Debug\cuda_helloworld.lib" /MACHINE:X86 Debug\kernel.cu.obj
         cuda_helloworld.vcxproj -> H:\Documents\GitHub\hello_Cuda\cuda_helloworld\Debug\cuda_helloworld.exe
       PostBuildEvent:
         echo copy "C:\Program Files\NVIDIA GPU Computing Toolkit\CUDA\v7.5\bin\cudart*.dll" "H:\Documents\GitHub\hello_Cuda\cuda_helloworld\Debug\"
         copy "C:\Program Files\NVIDIA GPU Computing Toolkit\CUDA\v7.5\bin\cudart*.dll" "H:\Documents\GitHub\hello_Cuda\cuda_helloworld\Debug\"
         :VCEnd
         copy "C:\Program Files\NVIDIA GPU Computing Toolkit\CUDA\v7.5\bin\cudart*.dll" "H:\Documents\GitHub\hello_Cuda\cuda_helloworld\Debug\"
         C:\Program Files\NVIDIA GPU Computing Toolkit\CUDA\v7.5\bin\cudart32_75.dll
         C:\Program Files\NVIDIA GPU Computing Toolkit\CUDA\v7.5\bin\cudart64_75.dll
         已复制         2 个文件。
     1>Done Building Project "H:\Documents\GitHub\hello_Cuda\cuda_helloworld\cuda_helloworld\cuda_helloworld.vcxproj" (Build target(s)).

Build succeeded.

Time Elapsed 00:00:03.39
